
*** Running vivado
    with args -log top.vds -m64 -product Vivado -mode batch -messageDb vivado.pb -notrace -source top.tcl



****** Vivado v2025.1 (64-bit)
  **** SW Build 6140274 on Thu May 22 00:12:29 MDT 2025
  **** IP Build 6138677 on Thu May 22 03:10:11 MDT 2025
  **** SharedData Build 6139179 on Tue May 20 17:58:58 MDT 2025
  **** Start of session at: Mon Mar 16 19:43:15 2026
    ** Copyright 1986-2022 Xilinx, Inc. All Rights Reserved.
    ** Copyright 2022-2025 Advanced Micro Devices, Inc. All Rights Reserved.

source top.tcl -notrace
Command: read_checkpoint -auto_incremental -incremental C:/Users/jkell/Repositories/CMOD_S7_Pulse/Software/Vivado/CMOD_S7_Pulse/CMOD_S7_Pulse.srcs/utils_1/imports/synth_1/top.dcp
INFO: [Vivado 12-5825] Read reference checkpoint from C:/Users/jkell/Repositories/CMOD_S7_Pulse/Software/Vivado/CMOD_S7_Pulse/CMOD_S7_Pulse.srcs/utils_1/imports/synth_1/top.dcp for incremental synthesis
INFO: [Vivado 12-7989] Please ensure there are no constraint changes
Command: synth_design -top top -part xc7s25csga225-1
Starting synth_design
Attempting to get a license for feature 'Synthesis' and/or device 'xc7s25'
INFO: [Common 17-349] Got license for feature 'Synthesis' and/or device 'xc7s25'
INFO: [Device 21-403] Loading part xc7s25csga225-1
INFO: [Designutils 20-5440] No compile time benefit to using incremental synthesis; A full resynthesis will be run
INFO: [Designutils 20-4379] Flow is switching to default flow due to incremental criteria not met. If you would like to alter this behaviour and have the flow terminate instead, please set the following parameter config_implementation {autoIncr.Synth.RejectBehavior Terminate}
INFO: [Synth 8-7079] Multithreading enabled for synth_design using a maximum of 2 processes.
INFO: [Synth 8-7078] Launching helper process for spawning children vivado processes
INFO: [Synth 8-7075] Helper process launched with PID 29576
---------------------------------------------------------------------------------
Starting RTL Elaboration : Time (s): cpu = 00:00:03 ; elapsed = 00:00:03 . Memory (MB): peak = 1177.266 ; gain = 491.621
---------------------------------------------------------------------------------
INFO: [Synth 8-11241] undeclared symbol 'reset', assumed default net type 'wire' [C:/Users/jkell/Repositories/CMOD_S7_Pulse/Software/Vivado/CMOD_S7_Pulse/CMOD_S7_Pulse.srcs/sources_1/new/top.v:17]
INFO: [Synth 8-6157] synthesizing module 'top' [C:/Users/jkell/Repositories/CMOD_S7_Pulse/Software/Vivado/CMOD_S7_Pulse/CMOD_S7_Pulse.srcs/sources_1/new/top.v:3]
INFO: [Synth 8-6157] synthesizing module 'clk_wiz_0_new' [C:/Users/jkell/Repositories/CMOD_S7_Pulse/Software/Vivado/CMOD_S7_Pulse/CMOD_S7_Pulse.runs/synth_1/.Xil/Vivado-36196-Tim-Workstation/realtime/clk_wiz_0_new_stub.v:6]
INFO: [Synth 8-6155] done synthesizing module 'clk_wiz_0_new' (0#1) [C:/Users/jkell/Repositories/CMOD_S7_Pulse/Software/Vivado/CMOD_S7_Pulse/CMOD_S7_Pulse.runs/synth_1/.Xil/Vivado-36196-Tim-Workstation/realtime/clk_wiz_0_new_stub.v:6]
WARNING: [Synth 8-7071] port 'reset' of module 'clk_wiz_0_new' is unconnected for instance 'u_clock_wizard_wrapper_int' [C:/Users/jkell/Repositories/CMOD_S7_Pulse/Software/Vivado/CMOD_S7_Pulse/CMOD_S7_Pulse.srcs/sources_1/new/top.v:22]
WARNING: [Synth 8-7023] instance 'u_clock_wizard_wrapper_int' of module 'clk_wiz_0_new' has 4 connections declared, but only 3 given [C:/Users/jkell/Repositories/CMOD_S7_Pulse/Software/Vivado/CMOD_S7_Pulse/CMOD_S7_Pulse.srcs/sources_1/new/top.v:22]
INFO: [Synth 8-6157] synthesizing module 'uart_rx' [C:/Users/jkell/Repositories/CMOD_S7_Pulse/Software/Vivado/CMOD_S7_Pulse/CMOD_S7_Pulse.srcs/sources_1/imports/UART/uart_rx.v:23]
	Parameter TICKS_PER_BIT bound to: 1085 - type: integer 
INFO: [Synth 8-226] default block is never used [C:/Users/jkell/Repositories/CMOD_S7_Pulse/Software/Vivado/CMOD_S7_Pulse/CMOD_S7_Pulse.srcs/sources_1/imports/UART/uart_rx.v:51]
INFO: [Synth 8-6155] done synthesizing module 'uart_rx' (0#1) [C:/Users/jkell/Repositories/CMOD_S7_Pulse/Software/Vivado/CMOD_S7_Pulse/CMOD_S7_Pulse.srcs/sources_1/imports/UART/uart_rx.v:23]
INFO: [Synth 8-6157] synthesizing module 'inst_shift_reg' [C:/Users/jkell/Repositories/CMOD_S7_Pulse/Software/Vivado/CMOD_S7_Pulse/CMOD_S7_Pulse.srcs/sources_1/imports/shift register/inst_shift_reg.v:23]
	Parameter BITS bound to: 8 - type: integer 
	Parameter WORDS bound to: 10 - type: integer 
INFO: [Synth 8-6155] done synthesizing module 'inst_shift_reg' (0#1) [C:/Users/jkell/Repositories/CMOD_S7_Pulse/Software/Vivado/CMOD_S7_Pulse/CMOD_S7_Pulse.srcs/sources_1/imports/shift register/inst_shift_reg.v:23]
INFO: [Synth 8-6157] synthesizing module 'RAM_2Port' [C:/Users/jkell/Repositories/CMOD_S7_Pulse/Software/Vivado/CMOD_S7_Pulse/CMOD_S7_Pulse.srcs/sources_1/imports/memory/RAM_2Port.v:15]
	Parameter WIDTH bound to: 64 - type: integer 
	Parameter DEPTH bound to: 4096 - type: integer 
INFO: [Synth 8-6155] done synthesizing module 'RAM_2Port' (0#1) [C:/Users/jkell/Repositories/CMOD_S7_Pulse/Software/Vivado/CMOD_S7_Pulse/CMOD_S7_Pulse.srcs/sources_1/imports/memory/RAM_2Port.v:15]
INFO: [Synth 8-6157] synthesizing module 'pulse_programmer_core' [C:/Users/jkell/Repositories/CMOD_S7_Pulse/Software/Vivado/CMOD_S7_Pulse/CMOD_S7_Pulse.srcs/sources_1/new/pulse_programmer_core.v:3]
INFO: [Synth 8-6155] done synthesizing module 'pulse_programmer_core' (0#1) [C:/Users/jkell/Repositories/CMOD_S7_Pulse/Software/Vivado/CMOD_S7_Pulse/CMOD_S7_Pulse.srcs/sources_1/new/pulse_programmer_core.v:3]
INFO: [Synth 8-6155] done synthesizing module 'top' (0#1) [C:/Users/jkell/Repositories/CMOD_S7_Pulse/Software/Vivado/CMOD_S7_Pulse/CMOD_S7_Pulse.srcs/sources_1/new/top.v:3]
WARNING: [Synth 8-6014] Unused sequential element addr_reg_reg was removed.  [C:/Users/jkell/Repositories/CMOD_S7_Pulse/Software/Vivado/CMOD_S7_Pulse/CMOD_S7_Pulse.srcs/sources_1/new/top.v:80]
WARNING: [Synth 8-7129] Port btn[1] in module top is either unconnected or has no load
---------------------------------------------------------------------------------
Finished RTL Elaboration : Time (s): cpu = 00:00:04 ; elapsed = 00:00:04 . Memory (MB): peak = 1288.457 ; gain = 602.812
---------------------------------------------------------------------------------
---------------------------------------------------------------------------------
Start Handling Custom Attributes
---------------------------------------------------------------------------------
---------------------------------------------------------------------------------
Finished Handling Custom Attributes : Time (s): cpu = 00:00:04 ; elapsed = 00:00:04 . Memory (MB): peak = 1288.457 ; gain = 602.812
---------------------------------------------------------------------------------
---------------------------------------------------------------------------------
Finished RTL Optimization Phase 1 : Time (s): cpu = 00:00:04 ; elapsed = 00:00:04 . Memory (MB): peak = 1288.457 ; gain = 602.812
---------------------------------------------------------------------------------
Netlist sorting complete. Time (s): cpu = 00:00:00 ; elapsed = 00:00:00.004 . Memory (MB): peak = 1288.457 ; gain = 0.000
INFO: [Project 1-570] Preparing netlist for logic optimization

Processing XDC Constraints
Initializing timing engine
Parsing XDC File [c:/Users/jkell/Repositories/CMOD_S7_Pulse/Software/Vivado/CMOD_S7_Pulse/CMOD_S7_Pulse.gen/sources_1/ip/clk_wiz_0_new/clk_wiz_0_new/clk_wiz_0_new_in_context.xdc] for cell 'u_clock_wizard_wrapper_int'
Finished Parsing XDC File [c:/Users/jkell/Repositories/CMOD_S7_Pulse/Software/Vivado/CMOD_S7_Pulse/CMOD_S7_Pulse.gen/sources_1/ip/clk_wiz_0_new/clk_wiz_0_new/clk_wiz_0_new_in_context.xdc] for cell 'u_clock_wizard_wrapper_int'
Parsing XDC File [C:/Users/jkell/Repositories/CMOD_S7_Pulse/Software/Vivado/CMOD_S7_Pulse/CMOD_S7_Pulse.srcs/constrs_1/imports/FPGA_Constraints/Cmod-S7-25-Master.xdc]
Finished Parsing XDC File [C:/Users/jkell/Repositories/CMOD_S7_Pulse/Software/Vivado/CMOD_S7_Pulse/CMOD_S7_Pulse.srcs/constrs_1/imports/FPGA_Constraints/Cmod-S7-25-Master.xdc]
INFO: [Project 1-236] Implementation specific constraints were found while reading constraint file [C:/Users/jkell/Repositories/CMOD_S7_Pulse/Software/Vivado/CMOD_S7_Pulse/CMOD_S7_Pulse.srcs/constrs_1/imports/FPGA_Constraints/Cmod-S7-25-Master.xdc]. These constraints will be ignored for synthesis but will be used in implementation. Impacted constraints are listed in the file [.Xil/top_propImpl.xdc].
Resolution: To avoid this warning, move constraints listed in [.Xil/top_propImpl.xdc] to another XDC file and exclude this new file from synthesis with the used_in_synthesis property (File Properties dialog in GUI) and re-run elaboration/synthesis.
Completed Processing XDC Constraints

Netlist sorting complete. Time (s): cpu = 00:00:00 ; elapsed = 00:00:00 . Memory (MB): peak = 1358.910 ; gain = 0.000
INFO: [Project 1-111] Unisim Transformation Summary:
No Unisim elements were transformed.

Constraint Validation Runtime : Time (s): cpu = 00:00:00 ; elapsed = 00:00:00.002 . Memory (MB): peak = 1358.910 ; gain = 0.000
INFO: [Designutils 20-5440] No compile time benefit to using incremental synthesis; A full resynthesis will be run
INFO: [Designutils 20-4379] Flow is switching to default flow due to incremental criteria not met. If you would like to alter this behaviour and have the flow terminate instead, please set the following parameter config_implementation {autoIncr.Synth.RejectBehavior Terminate}
---------------------------------------------------------------------------------
Finished Constraint Validation : Time (s): cpu = 00:00:09 ; elapsed = 00:00:09 . Memory (MB): peak = 1358.910 ; gain = 673.266
---------------------------------------------------------------------------------
---------------------------------------------------------------------------------
Start Loading Part and Timing Information
---------------------------------------------------------------------------------
Loading part: xc7s25csga225-1
---------------------------------------------------------------------------------
Finished Loading Part and Timing Information : Time (s): cpu = 00:00:09 ; elapsed = 00:00:09 . Memory (MB): peak = 1358.910 ; gain = 673.266
---------------------------------------------------------------------------------
---------------------------------------------------------------------------------
Start Applying 'set_property' XDC Constraints
---------------------------------------------------------------------------------
---------------------------------------------------------------------------------
Finished applying 'set_property' XDC Constraints : Time (s): cpu = 00:00:09 ; elapsed = 00:00:09 . Memory (MB): peak = 1358.910 ; gain = 673.266
---------------------------------------------------------------------------------
INFO: [Synth 8-802] inferred FSM for state register 'MODE_reg' in module 'uart_rx'
WARNING: [Synth 8-3936] Found unconnected internal register 'current_data_reg' and it is trimmed from '20' to '12' bits. [C:/Users/jkell/Repositories/CMOD_S7_Pulse/Software/Vivado/CMOD_S7_Pulse/CMOD_S7_Pulse.srcs/sources_1/new/pulse_programmer_core.v:51]
---------------------------------------------------------------------------------------------------
                   State |                     New Encoding |                Previous Encoding 
---------------------------------------------------------------------------------------------------
                 RX_IDLE |                               00 |                               00
                RX_START |                               01 |                               01
                 RX_DATA |                               10 |                               10
                 RX_STOP |                               11 |                               11
---------------------------------------------------------------------------------------------------
INFO: [Synth 8-3354] encoded FSM with state register 'MODE_reg' using encoding 'sequential' in module 'uart_rx'
---------------------------------------------------------------------------------
Finished RTL Optimization Phase 2 : Time (s): cpu = 00:00:09 ; elapsed = 00:00:09 . Memory (MB): peak = 1358.910 ; gain = 673.266
---------------------------------------------------------------------------------
---------------------------------------------------------------------------------
Start RTL Component Statistics 
---------------------------------------------------------------------------------
Detailed RTL Component Info : 
+---Adders : 
	   2 Input   32 Bit       Adders := 1     
	   2 Input   12 Bit       Adders := 3     
	   2 Input    5 Bit       Adders := 1     
	   2 Input    4 Bit       Adders := 1     
+---Registers : 
	               80 Bit    Registers := 1     
	               64 Bit    Registers := 2     
	               32 Bit    Registers := 2     
	               12 Bit    Registers := 4     
	                8 Bit    Registers := 2     
	                5 Bit    Registers := 1     
	                4 Bit    Registers := 2     
	                1 Bit    Registers := 11    
+---RAMs : 
	             256K Bit	(4096 X 64 bit)          RAMs := 1     
+---Muxes : 
	   5 Input   32 Bit        Muxes := 1     
	   2 Input   32 Bit        Muxes := 1     
	   2 Input   12 Bit        Muxes := 3     
	   3 Input   12 Bit        Muxes := 1     
	   5 Input   12 Bit        Muxes := 1     
	   4 Input    8 Bit        Muxes := 1     
	   2 Input    5 Bit        Muxes := 1     
	   2 Input    4 Bit        Muxes := 1     
	   4 Input    4 Bit        Muxes := 1     
	   4 Input    2 Bit        Muxes := 1     
	   2 Input    2 Bit        Muxes := 2     
	   2 Input    1 Bit        Muxes := 10    
	   4 Input    1 Bit        Muxes := 7     
	   5 Input    1 Bit        Muxes := 3     
	   6 Input    1 Bit        Muxes := 1     
---------------------------------------------------------------------------------
Finished RTL Component Statistics 
---------------------------------------------------------------------------------
---------------------------------------------------------------------------------
Start Part Resource Summary
---------------------------------------------------------------------------------
Part Resources:
DSPs: 80 (col length:40)
BRAMs: 90 (col length: RAMB18 40 RAMB36 20)
---------------------------------------------------------------------------------
Finished Part Resource Summary
---------------------------------------------------------------------------------
---------------------------------------------------------------------------------
Start Cross Boundary and Area Optimization
---------------------------------------------------------------------------------
WARNING: [Synth 8-7080] Parallel synthesis criteria is not met
WARNING: [Synth 8-7129] Port btn[1] in module top is either unconnected or has no load
---------------------------------------------------------------------------------
Finished Cross Boundary and Area Optimization : Time (s): cpu = 00:00:10 ; elapsed = 00:00:11 . Memory (MB): peak = 1358.910 ; gain = 673.266
---------------------------------------------------------------------------------
---------------------------------------------------------------------------------
Start ROM, RAM, DSP, Shift Register and Retiming Reporting
---------------------------------------------------------------------------------

Block RAM: Preliminary Mapping Report (see note below)
+------------+-----------------------+------------------------+---+---+------------------------+---+---+------------------+--------+--------+
|Module Name | RTL Object            | PORT A (Depth x Width) | W | R | PORT B (Depth x Width) | W | R | Ports driving FF | RAMB18 | RAMB36 | 
+------------+-----------------------+------------------------+---+---+------------------------+---+---+------------------+--------+--------+
|top         | u_RAM_2Port/r_Mem_reg | 4 K x 64(READ_FIRST)   | W |   | 4 K x 64(WRITE_FIRST)  |   | R | Port A and B     | 1      | 7      | 
+------------+-----------------------+------------------------+---+---+------------------------+---+---+------------------+--------+--------+

Note: The table above is a preliminary report that shows the Block RAMs at the current stage of the synthesis flow. Some Block RAMs may be reimplemented as non Block RAM primitives later in the synthesis flow. Multiple instantiated Block RAMs are reported only once. 
---------------------------------------------------------------------------------
Finished ROM, RAM, DSP, Shift Register and Retiming Reporting
---------------------------------------------------------------------------------
---------------------------------------------------------------------------------
Start Applying XDC Timing Constraints
---------------------------------------------------------------------------------
---------------------------------------------------------------------------------
Finished Applying XDC Timing Constraints : Time (s): cpu = 00:00:13 ; elapsed = 00:00:14 . Memory (MB): peak = 1497.535 ; gain = 811.891
---------------------------------------------------------------------------------
---------------------------------------------------------------------------------
Start Timing Optimization
---------------------------------------------------------------------------------
---------------------------------------------------------------------------------
Finished Timing Optimization : Time (s): cpu = 00:00:13 ; elapsed = 00:00:14 . Memory (MB): peak = 1520.488 ; gain = 834.844
---------------------------------------------------------------------------------
---------------------------------------------------------------------------------
Start ROM, RAM, DSP, Shift Register and Retiming Reporting
---------------------------------------------------------------------------------

Block RAM: Final Mapping Report
+------------+-----------------------+------------------------+---+---+------------------------+---+---+------------------+--------+--------+
|Module Name | RTL Object            | PORT A (Depth x Width) | W | R | PORT B (Depth x Width) | W | R | Ports driving FF | RAMB18 | RAMB36 | 
+------------+-----------------------+------------------------+---+---+------------------------+---+---+------------------+--------+--------+
|top         | u_RAM_2Port/r_Mem_reg | 4 K x 64(READ_FIRST)   | W |   | 4 K x 64(WRITE_FIRST)  |   | R | Port A and B     | 1      | 7      | 
+------------+-----------------------+------------------------+---+---+------------------------+---+---+------------------+--------+--------+

---------------------------------------------------------------------------------
Finished ROM, RAM, DSP, Shift Register and Retiming Reporting
---------------------------------------------------------------------------------
---------------------------------------------------------------------------------
Start Technology Mapping
---------------------------------------------------------------------------------
---------------------------------------------------------------------------------
Finished Technology Mapping : Time (s): cpu = 00:00:13 ; elapsed = 00:00:14 . Memory (MB): peak = 1530.316 ; gain = 844.672
---------------------------------------------------------------------------------
---------------------------------------------------------------------------------
Start IO Insertion
---------------------------------------------------------------------------------
---------------------------------------------------------------------------------
Start Flattening Before IO Insertion
---------------------------------------------------------------------------------
---------------------------------------------------------------------------------
Finished Flattening Before IO Insertion
---------------------------------------------------------------------------------
---------------------------------------------------------------------------------
Start Final Netlist Cleanup
---------------------------------------------------------------------------------
---------------------------------------------------------------------------------
Finished Final Netlist Cleanup
---------------------------------------------------------------------------------
CRITICAL WARNING: [Synth 8-4442] BlackBox module u_clock_wizard_wrapper_int has unconnected pin reset
---------------------------------------------------------------------------------
Finished IO Insertion : Time (s): cpu = 00:00:16 ; elapsed = 00:00:16 . Memory (MB): peak = 1746.664 ; gain = 1061.020
---------------------------------------------------------------------------------
---------------------------------------------------------------------------------
Start Renaming Generated Instances
---------------------------------------------------------------------------------
---------------------------------------------------------------------------------
Finished Renaming Generated Instances : Time (s): cpu = 00:00:16 ; elapsed = 00:00:16 . Memory (MB): peak = 1746.664 ; gain = 1061.020
---------------------------------------------------------------------------------
---------------------------------------------------------------------------------
Start Rebuilding User Hierarchy
---------------------------------------------------------------------------------
---------------------------------------------------------------------------------
Finished Rebuilding User Hierarchy : Time (s): cpu = 00:00:16 ; elapsed = 00:00:16 . Memory (MB): peak = 1746.664 ; gain = 1061.020
---------------------------------------------------------------------------------
---------------------------------------------------------------------------------
Start Renaming Generated Ports
---------------------------------------------------------------------------------
---------------------------------------------------------------------------------
Finished Renaming Generated Ports : Time (s): cpu = 00:00:16 ; elapsed = 00:00:16 . Memory (MB): peak = 1746.664 ; gain = 1061.020
---------------------------------------------------------------------------------
---------------------------------------------------------------------------------
Start Handling Custom Attributes
---------------------------------------------------------------------------------
---------------------------------------------------------------------------------
Finished Handling Custom Attributes : Time (s): cpu = 00:00:16 ; elapsed = 00:00:16 . Memory (MB): peak = 1747.715 ; gain = 1062.070
---------------------------------------------------------------------------------
---------------------------------------------------------------------------------
Start Renaming Generated Nets
---------------------------------------------------------------------------------
---------------------------------------------------------------------------------
Finished Renaming Generated Nets : Time (s): cpu = 00:00:16 ; elapsed = 00:00:16 . Memory (MB): peak = 1747.715 ; gain = 1062.070
---------------------------------------------------------------------------------
---------------------------------------------------------------------------------
Start Writing Synthesis Report
---------------------------------------------------------------------------------

Report BlackBoxes: 
+------+--------------+----------+
|      |BlackBox name |Instances |
+------+--------------+----------+
|1     |clk_wiz_0_new |         1|
+------+--------------+----------+

Report Cell Usage: 
+------+--------------+------+
|      |Cell          |Count |
+------+--------------+------+
|1     |clk_wiz_0_new |     1|
|2     |CARRY4        |    21|
|3     |LUT1          |     3|
|4     |LUT2          |    11|
|5     |LUT3          |    16|
|6     |LUT4          |    56|
|7     |LUT5          |    18|
|8     |LUT6          |    55|
|9     |RAMB18E1      |     1|
|10    |RAMB36E1      |     7|
|12    |FDRE          |   244|
|13    |IBUF          |     2|
|14    |OBUF          |    12|
+------+--------------+------+
---------------------------------------------------------------------------------
Finished Writing Synthesis Report : Time (s): cpu = 00:00:16 ; elapsed = 00:00:16 . Memory (MB): peak = 1747.715 ; gain = 1062.070
---------------------------------------------------------------------------------
Synthesis finished with 0 errors, 1 critical warnings and 3 warnings.
Synthesis Optimization Runtime : Time (s): cpu = 00:00:11 ; elapsed = 00:00:15 . Memory (MB): peak = 1747.715 ; gain = 991.617
Synthesis Optimization Complete : Time (s): cpu = 00:00:16 ; elapsed = 00:00:16 . Memory (MB): peak = 1747.715 ; gain = 1062.070
INFO: [Project 1-571] Translating synthesized netlist
Netlist sorting complete. Time (s): cpu = 00:00:00 ; elapsed = 00:00:00.004 . Memory (MB): peak = 1753.750 ; gain = 0.000
INFO: [Netlist 29-17] Analyzing 29 Unisim elements for replacement
INFO: [Netlist 29-28] Unisim Transformation completed in 0 CPU seconds
INFO: [Project 1-570] Preparing netlist for logic optimization
INFO: [Opt 31-138] Pushed 0 inverter(s) to 0 load pin(s).
Netlist sorting complete. Time (s): cpu = 00:00:00 ; elapsed = 00:00:00 . Memory (MB): peak = 1757.309 ; gain = 0.000
INFO: [Project 1-111] Unisim Transformation Summary:
No Unisim elements were transformed.

Synth Design complete | Checksum: a0899f9c
INFO: [Common 17-83] Releasing license: Synthesis
37 Infos, 7 Warnings, 1 Critical Warnings and 0 Errors encountered.
synth_design completed successfully
synth_design: Time (s): cpu = 00:00:17 ; elapsed = 00:00:24 . Memory (MB): peak = 1757.309 ; gain = 1231.496
INFO: [runtcl-6] Synthesis results are not added to the cache due to CRITICAL_WARNING
Write ShapeDB Complete: Time (s): cpu = 00:00:00 ; elapsed = 00:00:00.001 . Memory (MB): peak = 1757.309 ; gain = 0.000
INFO: [Common 17-1381] The checkpoint 'C:/Users/jkell/Repositories/CMOD_S7_Pulse/Software/Vivado/CMOD_S7_Pulse/CMOD_S7_Pulse.runs/synth_1/top.dcp' has been generated.
INFO: [Vivado 12-24828] Executing command : report_utilization -file top_utilization_synth.rpt -pb top_utilization_synth.pb
INFO: [Common 17-206] Exiting Vivado at Mon Mar 16 19:43:44 2026...
