
*** Running vivado
    with args -log clock_wizard_clk_wiz_0_0.vds -m64 -product Vivado -mode batch -messageDb vivado.pb -notrace -source clock_wizard_clk_wiz_0_0.tcl



****** Vivado v2024.2 (64-bit)
  **** SW Build 5239630 on Fri Nov 08 22:35:27 MST 2024
  **** IP Build 5239520 on Sun Nov 10 16:12:51 MST 2024
  **** SharedData Build 5239561 on Fri Nov 08 14:39:27 MST 2024
  **** Start of session at: Fri Dec 27 13:56:06 2024
    ** Copyright 1986-2022 Xilinx, Inc. All Rights Reserved.
    ** Copyright 2022-2024 Advanced Micro Devices, Inc. All Rights Reserved.

source clock_wizard_clk_wiz_0_0.tcl -notrace
create_project: Time (s): cpu = 00:00:06 ; elapsed = 00:00:07 . Memory (MB): peak = 618.656 ; gain = 191.344
INFO: [IP_Flow 19-6924] IPCACHE: Running cache check for IP inst: clock_wizard_clk_wiz_0_0
Command: synth_design -top clock_wizard_clk_wiz_0_0 -part xc7s25csga225-1 -incremental_mode off -mode out_of_context
Starting synth_design
Attempting to get a license for feature 'Synthesis' and/or device 'xc7s25'
INFO: [Common 17-349] Got license for feature 'Synthesis' and/or device 'xc7s25'
INFO: [Device 21-403] Loading part xc7s25csga225-1
INFO: [Synth 8-7079] Multithreading enabled for synth_design using a maximum of 2 processes.
INFO: [Synth 8-7078] Launching helper process for spawning children vivado processes
INFO: [Synth 8-7075] Helper process launched with PID 15440
---------------------------------------------------------------------------------
Starting RTL Elaboration : Time (s): cpu = 00:00:05 ; elapsed = 00:00:05 . Memory (MB): peak = 1255.816 ; gain = 463.328
---------------------------------------------------------------------------------
INFO: [Synth 8-6157] synthesizing module 'clock_wizard_clk_wiz_0_0' [c:/Users/jkell/Repositories/CMOD_S7_Pulse/Software/Vivado/CMOD_S7_Pulse/CMOD_S7_Pulse.gen/sources_1/bd/clock_wizard/ip/clock_wizard_clk_wiz_0_0/clock_wizard_clk_wiz_0_0.v:65]
INFO: [Synth 8-6157] synthesizing module 'clock_wizard_clk_wiz_0_0_clk_wiz' [c:/Users/jkell/Repositories/CMOD_S7_Pulse/Software/Vivado/CMOD_S7_Pulse/CMOD_S7_Pulse.gen/sources_1/bd/clock_wizard/ip/clock_wizard_clk_wiz_0_0/clock_wizard_clk_wiz_0_0_clk_wiz.v:65]
INFO: [Synth 8-6157] synthesizing module 'IBUF' [C:/Xilinx/Vivado/2024.2/scripts/rt/data/unisim_comp.v:75825]
INFO: [Synth 8-6155] done synthesizing module 'IBUF' (0#1) [C:/Xilinx/Vivado/2024.2/scripts/rt/data/unisim_comp.v:75825]
INFO: [Synth 8-6157] synthesizing module 'MMCME2_ADV' [C:/Xilinx/Vivado/2024.2/scripts/rt/data/unisim_comp.v:84588]
	Parameter BANDWIDTH bound to: OPTIMIZED - type: string 
	Parameter CLKFBOUT_MULT_F bound to: 62.500000 - type: double 
	Parameter CLKFBOUT_PHASE bound to: 0.000000 - type: double 
	Parameter CLKFBOUT_USE_FINE_PS bound to: FALSE - type: string 
	Parameter CLKIN1_PERIOD bound to: 83.333000 - type: double 
	Parameter CLKOUT0_DIVIDE_F bound to: 3.000000 - type: double 
	Parameter CLKOUT0_DUTY_CYCLE bound to: 0.500000 - type: double 
	Parameter CLKOUT0_PHASE bound to: 0.000000 - type: double 
	Parameter CLKOUT0_USE_FINE_PS bound to: FALSE - type: string 
	Parameter CLKOUT4_CASCADE bound to: FALSE - type: string 
	Parameter COMPENSATION bound to: ZHOLD - type: string 
	Parameter DIVCLK_DIVIDE bound to: 1 - type: integer 
	Parameter STARTUP_WAIT bound to: FALSE - type: string 
INFO: [Synth 8-6155] done synthesizing module 'MMCME2_ADV' (0#1) [C:/Xilinx/Vivado/2024.2/scripts/rt/data/unisim_comp.v:84588]
INFO: [Synth 8-6157] synthesizing module 'BUFG' [C:/Xilinx/Vivado/2024.2/scripts/rt/data/unisim_comp.v:2676]
INFO: [Synth 8-6155] done synthesizing module 'BUFG' (0#1) [C:/Xilinx/Vivado/2024.2/scripts/rt/data/unisim_comp.v:2676]
INFO: [Synth 8-6155] done synthesizing module 'clock_wizard_clk_wiz_0_0_clk_wiz' (0#1) [c:/Users/jkell/Repositories/CMOD_S7_Pulse/Software/Vivado/CMOD_S7_Pulse/CMOD_S7_Pulse.gen/sources_1/bd/clock_wizard/ip/clock_wizard_clk_wiz_0_0/clock_wizard_clk_wiz_0_0_clk_wiz.v:65]
INFO: [Synth 8-6155] done synthesizing module 'clock_wizard_clk_wiz_0_0' (0#1) [c:/Users/jkell/Repositories/CMOD_S7_Pulse/Software/Vivado/CMOD_S7_Pulse/CMOD_S7_Pulse.gen/sources_1/bd/clock_wizard/ip/clock_wizard_clk_wiz_0_0/clock_wizard_clk_wiz_0_0.v:65]
---------------------------------------------------------------------------------
Finished RTL Elaboration : Time (s): cpu = 00:00:07 ; elapsed = 00:00:07 . Memory (MB): peak = 1362.352 ; gain = 569.863
---------------------------------------------------------------------------------
---------------------------------------------------------------------------------
Start Handling Custom Attributes
---------------------------------------------------------------------------------
---------------------------------------------------------------------------------
Finished Handling Custom Attributes : Time (s): cpu = 00:00:07 ; elapsed = 00:00:07 . Memory (MB): peak = 1362.352 ; gain = 569.863
---------------------------------------------------------------------------------
---------------------------------------------------------------------------------
Finished RTL Optimization Phase 1 : Time (s): cpu = 00:00:07 ; elapsed = 00:00:07 . Memory (MB): peak = 1362.352 ; gain = 569.863
---------------------------------------------------------------------------------
Netlist sorting complete. Time (s): cpu = 00:00:00 ; elapsed = 00:00:00 . Memory (MB): peak = 1362.352 ; gain = 0.000
INFO: [Netlist 29-17] Analyzing 1 Unisim elements for replacement
INFO: [Netlist 29-28] Unisim Transformation completed in 0 CPU seconds
INFO: [Project 1-570] Preparing netlist for logic optimization

Processing XDC Constraints
Initializing timing engine
Parsing XDC File [c:/Users/jkell/Repositories/CMOD_S7_Pulse/Software/Vivado/CMOD_S7_Pulse/CMOD_S7_Pulse.gen/sources_1/bd/clock_wizard/ip/clock_wizard_clk_wiz_0_0/clock_wizard_clk_wiz_0_0_ooc.xdc] for cell 'inst'
Finished Parsing XDC File [c:/Users/jkell/Repositories/CMOD_S7_Pulse/Software/Vivado/CMOD_S7_Pulse/CMOD_S7_Pulse.gen/sources_1/bd/clock_wizard/ip/clock_wizard_clk_wiz_0_0/clock_wizard_clk_wiz_0_0_ooc.xdc] for cell 'inst'
Parsing XDC File [c:/Users/jkell/Repositories/CMOD_S7_Pulse/Software/Vivado/CMOD_S7_Pulse/CMOD_S7_Pulse.gen/sources_1/bd/clock_wizard/ip/clock_wizard_clk_wiz_0_0/clock_wizard_clk_wiz_0_0_board.xdc] for cell 'inst'
Finished Parsing XDC File [c:/Users/jkell/Repositories/CMOD_S7_Pulse/Software/Vivado/CMOD_S7_Pulse/CMOD_S7_Pulse.gen/sources_1/bd/clock_wizard/ip/clock_wizard_clk_wiz_0_0/clock_wizard_clk_wiz_0_0_board.xdc] for cell 'inst'
Parsing XDC File [c:/Users/jkell/Repositories/CMOD_S7_Pulse/Software/Vivado/CMOD_S7_Pulse/CMOD_S7_Pulse.gen/sources_1/bd/clock_wizard/ip/clock_wizard_clk_wiz_0_0/clock_wizard_clk_wiz_0_0.xdc] for cell 'inst'
Finished Parsing XDC File [c:/Users/jkell/Repositories/CMOD_S7_Pulse/Software/Vivado/CMOD_S7_Pulse/CMOD_S7_Pulse.gen/sources_1/bd/clock_wizard/ip/clock_wizard_clk_wiz_0_0/clock_wizard_clk_wiz_0_0.xdc] for cell 'inst'
INFO: [Project 1-236] Implementation specific constraints were found while reading constraint file [c:/Users/jkell/Repositories/CMOD_S7_Pulse/Software/Vivado/CMOD_S7_Pulse/CMOD_S7_Pulse.gen/sources_1/bd/clock_wizard/ip/clock_wizard_clk_wiz_0_0/clock_wizard_clk_wiz_0_0.xdc]. These constraints will be ignored for synthesis but will be used in implementation. Impacted constraints are listed in the file [.Xil/clock_wizard_clk_wiz_0_0_propImpl.xdc].
Resolution: To avoid this warning, move constraints listed in [.Xil/clock_wizard_clk_wiz_0_0_propImpl.xdc] to another XDC file and exclude this new file from synthesis with the used_in_synthesis property (File Properties dialog in GUI) and re-run elaboration/synthesis.
INFO: [Timing 38-2] Deriving generated clocks
Parsing XDC File [C:/Users/jkell/Repositories/CMOD_S7_Pulse/Software/Vivado/CMOD_S7_Pulse/CMOD_S7_Pulse.runs/clock_wizard_clk_wiz_0_0_synth_1/dont_touch.xdc]
Finished Parsing XDC File [C:/Users/jkell/Repositories/CMOD_S7_Pulse/Software/Vivado/CMOD_S7_Pulse/CMOD_S7_Pulse.runs/clock_wizard_clk_wiz_0_0_synth_1/dont_touch.xdc]
Completed Processing XDC Constraints

Netlist sorting complete. Time (s): cpu = 00:00:00 ; elapsed = 00:00:00.001 . Memory (MB): peak = 1362.352 ; gain = 0.000
INFO: [Project 1-111] Unisim Transformation Summary:
No Unisim elements were transformed.

Constraint Validation Runtime : Time (s): cpu = 00:00:00 ; elapsed = 00:00:00.025 . Memory (MB): peak = 1362.352 ; gain = 0.000
INFO: [Designutils 20-5008] Incremental synthesis strategy off
