Copyright 1986-2022 Xilinx, Inc. All Rights Reserved. Copyright 2022-2025 Advanced Micro Devices, Inc. All Rights Reserved.
---------------------------------------------------------------------------------------------------------------------------------------------
| Tool Version : Vivado v.2025.1 (win64) Build 6140274 Thu May 22 00:12:29 MDT 2025
| Date         : Sat Mar 14 20:50:17 2026
| Host         : Tim-Workstation running 64-bit major release  (build 9200)
| Command      : report_control_sets -verbose -file top_control_sets_placed.rpt
| Design       : top
| Device       : xc7s25
---------------------------------------------------------------------------------------------------------------------------------------------

Control Set Information

Table of Contents
-----------------
1. Summary
2. Histogram
3. Flip-Flop Distribution
4. Detailed Control Set Information

1. Summary
----------

+----------------------------------------------------------+-------+
|                          Status                          | Count |
+----------------------------------------------------------+-------+
| Total control sets                                       |    10 |
|    Minimum number of control sets                        |    10 |
|    Addition due to synthesis replication                 |     0 |
|    Addition due to physical synthesis replication        |     0 |
| Unused register locations in slices containing registers |    32 |
+----------------------------------------------------------+-------+
* Control sets can be merged at opt_design using control_set_merge or merge_equivalent_drivers
** Run report_qor_suggestions for automated merging and remapping suggestions


2. Histogram
------------

+--------------------+-------+
|       Fanout       | Count |
+--------------------+-------+
| Total control sets |    10 |
| >= 0 to < 4        |     1 |
| >= 4 to < 6        |     1 |
| >= 6 to < 8        |     0 |
| >= 8 to < 10       |     2 |
| >= 10 to < 12      |     0 |
| >= 12 to < 14      |     2 |
| >= 14 to < 16      |     0 |
| >= 16              |     4 |
+--------------------+-------+
* Control sets can be remapped at either synth_design or opt_design


3. Flip-Flop Distribution
-------------------------

+--------------+-----------------------+------------------------+-----------------+--------------+
| Clock Enable | Synchronous Set/Reset | Asynchronous Set/Reset | Total Registers | Total Slices |
+--------------+-----------------------+------------------------+-----------------+--------------+
| No           | No                    | No                     |               9 |            6 |
| No           | No                    | Yes                    |               0 |            0 |
| No           | Yes                   | No                     |              14 |            7 |
| Yes          | No                    | No                     |             117 |           28 |
| Yes          | No                    | Yes                    |               0 |            0 |
| Yes          | Yes                   | No                     |             108 |           41 |
+--------------+-----------------------+------------------------+-----------------+--------------+


4. Detailed Control Set Information
-----------------------------------

+--------------------------------------------------------------------+------------------------------------------------+-----------------------+------------------+----------------+--------------+
|                            Clock Signal                            |                  Enable Signal                 |    Set/Reset Signal   | Slice Load Count | Bel Load Count | Bels / Slice |
+--------------------------------------------------------------------+------------------------------------------------+-----------------------+------------------+----------------+--------------+
|  u_clock_wizard_wrapper_int/clock_wizard_i/clk_wiz_0/inst/clk_out1 |                                                | pp_rst                |                1 |              1 |         1.00 |
|  u_clock_wizard_wrapper_int/clock_wizard_i/clk_wiz_0/inst/clk_out1 | u_uart_rx/index[3]_i_1_n_0                     |                       |                2 |              4 |         2.00 |
|  u_clock_wizard_wrapper_int/clock_wizard_i/clk_wiz_0/inst/clk_out1 | u_uart_rx/r_data                               |                       |                2 |              8 |         4.00 |
|  u_clock_wizard_wrapper_int/clock_wizard_i/clk_wiz_0/inst/clk_out1 |                                                |                       |                6 |              9 |         1.50 |
|  u_clock_wizard_wrapper_int/clock_wizard_i/clk_wiz_0/inst/clk_out1 | u_RAM_2Port/E[0]                               | pp_rst                |                4 |             12 |         3.00 |
|  u_clock_wizard_wrapper_int/clock_wizard_i/clk_wiz_0/inst/clk_out1 |                                                | u_uart_rx/tick_count0 |                6 |             13 |         2.17 |
|  u_clock_wizard_wrapper_int/clock_wizard_i/clk_wiz_0/inst/clk_out1 | u_inst_shift_reg/E[0]                          |                       |                6 |             20 |         3.33 |
|  u_clock_wizard_wrapper_int/clock_wizard_i/clk_wiz_0/inst/clk_out1 | u_RAM_2Port/r_Mem_reg_3_0[0]                   | pp_rst                |                9 |             32 |         3.56 |
|  u_clock_wizard_wrapper_int/clock_wizard_i/clk_wiz_0/inst/clk_out1 | u_inst_shift_reg/r_shift_reg_data_reg[77]_0[0] | i_Wr_Data[63]_i_1_n_0 |               28 |             64 |         2.29 |
|  u_clock_wizard_wrapper_int/clock_wizard_i/clk_wiz_0/inst/clk_out1 | u_uart_rx/uart_rx_done                         |                       |               18 |             85 |         4.72 |
+--------------------------------------------------------------------+------------------------------------------------+-----------------------+------------------+----------------+--------------+


