Copyright 1986-2022 Xilinx, Inc. All Rights Reserved. Copyright 2022-2025 Advanced Micro Devices, Inc. All Rights Reserved.
-----------------------------------------------------------------------------------------------------------------------------------------------
| Tool Version : Vivado v.2025.1 (win64) Build 6140274 Thu May 22 00:12:29 MDT 2025
| Date         : Sat Mar 28 17:15:31 2026
| Host         : Tim-Workstation running 64-bit major release  (build 9200)
| Command      : report_methodology -file top_methodology_drc_routed.rpt -pb top_methodology_drc_routed.pb -rpx top_methodology_drc_routed.rpx
| Design       : top
| Device       : xc7s25csga225-1
| Speed File   : -1
| Design State : Fully Routed
-----------------------------------------------------------------------------------------------------------------------------------------------

Report Methodology

Table of Contents
-----------------
1. REPORT SUMMARY
2. REPORT DETAILS

1. REPORT SUMMARY
-----------------
            Netlist: netlist
          Floorplan: design_1
      Design limits: <entire design considered>
             Max checks: <unlimited>
             Checks found: 34
+-----------+------------------+------------------------------------------------------------------+--------+
| Rule      | Severity         | Description                                                      | Checks |
+-----------+------------------+------------------------------------------------------------------+--------+
| TIMING-6  | Critical Warning | No common primary clock between related clocks                   | 2      |
| SYNTH-6   | Warning          | Timing of a RAM block might be sub-optimal                       | 1      |
| TIMING-16 | Warning          | Large setup violation                                            | 29     |
| TIMING-56 | Warning          | Missing logically or physically excluded clock groups constraint | 2      |
+-----------+------------------+------------------------------------------------------------------+--------+

2. REPORT DETAILS
-----------------
TIMING-6#1 Critical Warning
No common primary clock between related clocks  
The clocks clk_out1_clk_wiz_0_new and clk_out1_clk_wiz_0_new_1 are related (timed together) but they have no common primary clock. The design could fail in hardware. To find a timing path between these clocks, run the following command: report_timing -from [get_clocks clk_out1_clk_wiz_0_new] -to [get_clocks clk_out1_clk_wiz_0_new_1]
Related violations: <none>

TIMING-6#2 Critical Warning
No common primary clock between related clocks  
The clocks clk_out1_clk_wiz_0_new_1 and clk_out1_clk_wiz_0_new are related (timed together) but they have no common primary clock. The design could fail in hardware. To find a timing path between these clocks, run the following command: report_timing -from [get_clocks clk_out1_clk_wiz_0_new_1] -to [get_clocks clk_out1_clk_wiz_0_new]
Related violations: <none>

SYNTH-6#1 Warning
Timing of a RAM block might be sub-optimal  
The timing for the instance u_RAM_2Port/r_Mem_reg_3, implemented as a RAM block, might be sub-optimal as no output register was merged into the block.
Related violations: <none>

TIMING-16#1 Warning
Large setup violation  
There is a large setup violation of -1.120 ns between u_ppc/stack_ptr_reg[0]/C (clocked by clk_out1_clk_wiz_0_new) and u_ppc/addr_reg[0]/D (clocked by clk_out1_clk_wiz_0_new_1). Large setup violations at the end of those stages might be difficult to fix during the post-placement implementation flow and could be the result of non-optimal XDC constraints or non-optimal design architecture
Related violations: <none>

TIMING-16#2 Warning
Large setup violation  
There is a large setup violation of -1.139 ns between u_ppc/stack_ptr_reg[0]/C (clocked by clk_out1_clk_wiz_0_new) and u_ppc/addr_reg[11]/D (clocked by clk_out1_clk_wiz_0_new_1). Large setup violations at the end of those stages might be difficult to fix during the post-placement implementation flow and could be the result of non-optimal XDC constraints or non-optimal design architecture
Related violations: <none>

TIMING-16#3 Warning
Large setup violation  
There is a large setup violation of -1.149 ns between u_ppc/stack_ptr_reg[0]/C (clocked by clk_out1_clk_wiz_0_new) and u_ppc/stall_load_reg/D (clocked by clk_out1_clk_wiz_0_new_1). Large setup violations at the end of those stages might be difficult to fix during the post-placement implementation flow and could be the result of non-optimal XDC constraints or non-optimal design architecture
Related violations: <none>

TIMING-16#4 Warning
Large setup violation  
There is a large setup violation of -1.160 ns between u_ppc/stack_ptr_reg[0]/C (clocked by clk_out1_clk_wiz_0_new) and u_ppc/addr_reg[10]/D (clocked by clk_out1_clk_wiz_0_new_1). Large setup violations at the end of those stages might be difficult to fix during the post-placement implementation flow and could be the result of non-optimal XDC constraints or non-optimal design architecture
Related violations: <none>

TIMING-16#5 Warning
Large setup violation  
There is a large setup violation of -1.165 ns between u_ppc/stack_ptr_reg[0]/C (clocked by clk_out1_clk_wiz_0_new) and u_ppc/addr_reg[5]/D (clocked by clk_out1_clk_wiz_0_new_1). Large setup violations at the end of those stages might be difficult to fix during the post-placement implementation flow and could be the result of non-optimal XDC constraints or non-optimal design architecture
Related violations: <none>

TIMING-16#6 Warning
Large setup violation  
There is a large setup violation of -1.253 ns between u_ppc/stack_ptr_reg[0]/C (clocked by clk_out1_clk_wiz_0_new) and u_ppc/addr_reg[8]/D (clocked by clk_out1_clk_wiz_0_new_1). Large setup violations at the end of those stages might be difficult to fix during the post-placement implementation flow and could be the result of non-optimal XDC constraints or non-optimal design architecture
Related violations: <none>

TIMING-16#7 Warning
Large setup violation  
There is a large setup violation of -1.255 ns between u_ppc/stack_ptr_reg[0]/C (clocked by clk_out1_clk_wiz_0_new) and u_ppc/addr_reg[9]/D (clocked by clk_out1_clk_wiz_0_new_1). Large setup violations at the end of those stages might be difficult to fix during the post-placement implementation flow and could be the result of non-optimal XDC constraints or non-optimal design architecture
Related violations: <none>

TIMING-16#8 Warning
Large setup violation  
There is a large setup violation of -1.297 ns between u_ppc/stack_ptr_reg[0]/C (clocked by clk_out1_clk_wiz_0_new) and u_ppc/addr_reg[3]/D (clocked by clk_out1_clk_wiz_0_new_1). Large setup violations at the end of those stages might be difficult to fix during the post-placement implementation flow and could be the result of non-optimal XDC constraints or non-optimal design architecture
Related violations: <none>

TIMING-16#9 Warning
Large setup violation  
There is a large setup violation of -1.299 ns between u_ppc/stack_ptr_reg[0]/C (clocked by clk_out1_clk_wiz_0_new) and u_ppc/addr_reg[4]/D (clocked by clk_out1_clk_wiz_0_new_1). Large setup violations at the end of those stages might be difficult to fix during the post-placement implementation flow and could be the result of non-optimal XDC constraints or non-optimal design architecture
Related violations: <none>

TIMING-16#10 Warning
Large setup violation  
There is a large setup violation of -1.352 ns between u_ppc/stack_ptr_reg[0]/C (clocked by clk_out1_clk_wiz_0_new) and u_ppc/addr_reg[7]/D (clocked by clk_out1_clk_wiz_0_new_1). Large setup violations at the end of those stages might be difficult to fix during the post-placement implementation flow and could be the result of non-optimal XDC constraints or non-optimal design architecture
Related violations: <none>

TIMING-16#11 Warning
Large setup violation  
There is a large setup violation of -1.409 ns between u_ppc/stack_ptr_reg[0]/C (clocked by clk_out1_clk_wiz_0_new) and u_ppc/addr_reg[2]/D (clocked by clk_out1_clk_wiz_0_new_1). Large setup violations at the end of those stages might be difficult to fix during the post-placement implementation flow and could be the result of non-optimal XDC constraints or non-optimal design architecture
Related violations: <none>

TIMING-16#12 Warning
Large setup violation  
There is a large setup violation of -1.411 ns between u_ppc/stack_ptr_reg[0]/C (clocked by clk_out1_clk_wiz_0_new) and u_ppc/addr_reg[6]/D (clocked by clk_out1_clk_wiz_0_new_1). Large setup violations at the end of those stages might be difficult to fix during the post-placement implementation flow and could be the result of non-optimal XDC constraints or non-optimal design architecture
Related violations: <none>

TIMING-16#13 Warning
Large setup violation  
There is a large setup violation of -1.439 ns between u_ppc/stack_ptr_reg[0]/C (clocked by clk_out1_clk_wiz_0_new) and u_ppc/addr_reg[1]/D (clocked by clk_out1_clk_wiz_0_new_1). Large setup violations at the end of those stages might be difficult to fix during the post-placement implementation flow and could be the result of non-optimal XDC constraints or non-optimal design architecture
Related violations: <none>

TIMING-16#14 Warning
Large setup violation  
There is a large setup violation of -2.023 ns between u_ppc/stack_ptr_reg[0]/C (clocked by clk_out1_clk_wiz_0_new) and u_ppc/count_stack_reg_0_7_6_11/RAMC/I (clocked by clk_out1_clk_wiz_0_new_1). Large setup violations at the end of those stages might be difficult to fix during the post-placement implementation flow and could be the result of non-optimal XDC constraints or non-optimal design architecture
Related violations: <none>

TIMING-16#15 Warning
Large setup violation  
There is a large setup violation of -2.050 ns between u_ppc/stack_ptr_reg[0]/C (clocked by clk_out1_clk_wiz_0_new) and u_ppc/count_stack_reg_0_7_0_5/RAMC_D1/I (clocked by clk_out1_clk_wiz_0_new_1). Large setup violations at the end of those stages might be difficult to fix during the post-placement implementation flow and could be the result of non-optimal XDC constraints or non-optimal design architecture
Related violations: <none>

TIMING-16#16 Warning
Large setup violation  
There is a large setup violation of -2.059 ns between u_ppc/stack_ptr_reg[0]/C (clocked by clk_out1_clk_wiz_0_new) and u_ppc/count_stack_reg_0_7_12_15/RAMB_D1/I (clocked by clk_out1_clk_wiz_0_new_1). Large setup violations at the end of those stages might be difficult to fix during the post-placement implementation flow and could be the result of non-optimal XDC constraints or non-optimal design architecture
Related violations: <none>

TIMING-16#17 Warning
Large setup violation  
There is a large setup violation of -2.065 ns between u_ppc/stack_ptr_reg[0]/C (clocked by clk_out1_clk_wiz_0_new) and u_ppc/count_stack_reg_0_7_0_5/RAMA_D1/I (clocked by clk_out1_clk_wiz_0_new_1). Large setup violations at the end of those stages might be difficult to fix during the post-placement implementation flow and could be the result of non-optimal XDC constraints or non-optimal design architecture
Related violations: <none>

TIMING-16#18 Warning
Large setup violation  
There is a large setup violation of -2.082 ns between u_ppc/stack_ptr_reg[0]/C (clocked by clk_out1_clk_wiz_0_new) and u_ppc/count_stack_reg_0_7_0_5/RAMB_D1/I (clocked by clk_out1_clk_wiz_0_new_1). Large setup violations at the end of those stages might be difficult to fix during the post-placement implementation flow and could be the result of non-optimal XDC constraints or non-optimal design architecture
Related violations: <none>

TIMING-16#19 Warning
Large setup violation  
There is a large setup violation of -2.103 ns between u_ppc/stack_ptr_reg[0]/C (clocked by clk_out1_clk_wiz_0_new) and u_ppc/count_stack_reg_0_7_12_15/RAMA/I (clocked by clk_out1_clk_wiz_0_new_1). Large setup violations at the end of those stages might be difficult to fix during the post-placement implementation flow and could be the result of non-optimal XDC constraints or non-optimal design architecture
Related violations: <none>

TIMING-16#20 Warning
Large setup violation  
There is a large setup violation of -2.132 ns between u_ppc/stack_ptr_reg[0]/C (clocked by clk_out1_clk_wiz_0_new) and u_ppc/count_stack_reg_0_7_0_5/RAMA/I (clocked by clk_out1_clk_wiz_0_new_1). Large setup violations at the end of those stages might be difficult to fix during the post-placement implementation flow and could be the result of non-optimal XDC constraints or non-optimal design architecture
Related violations: <none>

TIMING-16#21 Warning
Large setup violation  
There is a large setup violation of -2.143 ns between u_ppc/stack_ptr_reg[0]/C (clocked by clk_out1_clk_wiz_0_new) and u_ppc/count_stack_reg_0_7_6_11/RAMA/I (clocked by clk_out1_clk_wiz_0_new_1). Large setup violations at the end of those stages might be difficult to fix during the post-placement implementation flow and could be the result of non-optimal XDC constraints or non-optimal design architecture
Related violations: <none>

TIMING-16#22 Warning
Large setup violation  
There is a large setup violation of -2.168 ns between u_ppc/stack_ptr_reg[0]/C (clocked by clk_out1_clk_wiz_0_new) and u_ppc/count_stack_reg_0_7_6_11/RAMC_D1/I (clocked by clk_out1_clk_wiz_0_new_1). Large setup violations at the end of those stages might be difficult to fix during the post-placement implementation flow and could be the result of non-optimal XDC constraints or non-optimal design architecture
Related violations: <none>

TIMING-16#23 Warning
Large setup violation  
There is a large setup violation of -2.169 ns between u_ppc/stack_ptr_reg[0]/C (clocked by clk_out1_clk_wiz_0_new) and u_ppc/count_stack_reg_0_7_6_11/RAMB_D1/I (clocked by clk_out1_clk_wiz_0_new_1). Large setup violations at the end of those stages might be difficult to fix during the post-placement implementation flow and could be the result of non-optimal XDC constraints or non-optimal design architecture
Related violations: <none>

TIMING-16#24 Warning
Large setup violation  
There is a large setup violation of -2.178 ns between u_ppc/stack_ptr_reg[0]/C (clocked by clk_out1_clk_wiz_0_new) and u_ppc/count_stack_reg_0_7_0_5/RAMC/I (clocked by clk_out1_clk_wiz_0_new_1). Large setup violations at the end of those stages might be difficult to fix during the post-placement implementation flow and could be the result of non-optimal XDC constraints or non-optimal design architecture
Related violations: <none>

TIMING-16#25 Warning
Large setup violation  
There is a large setup violation of -2.228 ns between u_ppc/stack_ptr_reg[0]/C (clocked by clk_out1_clk_wiz_0_new) and u_ppc/count_stack_reg_0_7_6_11/RAMB/I (clocked by clk_out1_clk_wiz_0_new_1). Large setup violations at the end of those stages might be difficult to fix during the post-placement implementation flow and could be the result of non-optimal XDC constraints or non-optimal design architecture
Related violations: <none>

TIMING-16#26 Warning
Large setup violation  
There is a large setup violation of -2.247 ns between u_ppc/stack_ptr_reg[0]/C (clocked by clk_out1_clk_wiz_0_new) and u_ppc/count_stack_reg_0_7_12_15/RAMA_D1/I (clocked by clk_out1_clk_wiz_0_new_1). Large setup violations at the end of those stages might be difficult to fix during the post-placement implementation flow and could be the result of non-optimal XDC constraints or non-optimal design architecture
Related violations: <none>

TIMING-16#27 Warning
Large setup violation  
There is a large setup violation of -2.259 ns between u_ppc/stack_ptr_reg[0]/C (clocked by clk_out1_clk_wiz_0_new) and u_ppc/count_stack_reg_0_7_6_11/RAMA_D1/I (clocked by clk_out1_clk_wiz_0_new_1). Large setup violations at the end of those stages might be difficult to fix during the post-placement implementation flow and could be the result of non-optimal XDC constraints or non-optimal design architecture
Related violations: <none>

TIMING-16#28 Warning
Large setup violation  
There is a large setup violation of -2.279 ns between u_ppc/stack_ptr_reg[0]/C (clocked by clk_out1_clk_wiz_0_new) and u_ppc/count_stack_reg_0_7_0_5/RAMB/I (clocked by clk_out1_clk_wiz_0_new_1). Large setup violations at the end of those stages might be difficult to fix during the post-placement implementation flow and could be the result of non-optimal XDC constraints or non-optimal design architecture
Related violations: <none>

TIMING-16#29 Warning
Large setup violation  
There is a large setup violation of -2.551 ns between u_ppc/stack_ptr_reg[0]/C (clocked by clk_out1_clk_wiz_0_new) and u_ppc/count_stack_reg_0_7_12_15/RAMB/I (clocked by clk_out1_clk_wiz_0_new_1). Large setup violations at the end of those stages might be difficult to fix during the post-placement implementation flow and could be the result of non-optimal XDC constraints or non-optimal design architecture
Related violations: <none>

TIMING-56#1 Warning
Missing logically or physically excluded clock groups constraint  
Multiple clocks are user generated or auto-derived on the source pin u_clock_wizard/inst/mmcm_adv_inst/CLKFBOUT but are not logically or physically exclusive with respect to one another. To have the static timing analysis match the behavior in hardware, there cannot be multiple clocks generated on the same pin and when such situation occurs, the clocks should be defined as physically or logically exclusive. The list of clocks generated on the source pin is: clkfbout_clk_wiz_0_new, clkfbout_clk_wiz_0_new_1
Related violations: <none>

TIMING-56#2 Warning
Missing logically or physically excluded clock groups constraint  
Multiple clocks are user generated or auto-derived on the source pin u_clock_wizard/inst/mmcm_adv_inst/CLKOUT0 but are not logically or physically exclusive with respect to one another. To have the static timing analysis match the behavior in hardware, there cannot be multiple clocks generated on the same pin and when such situation occurs, the clocks should be defined as physically or logically exclusive. The list of clocks generated on the source pin is: clk_out1_clk_wiz_0_new, clk_out1_clk_wiz_0_new_1
Related violations: <none>


